ARM GAS  /tmp/ccnmkyAP.s 			page 1


   1              		.cpu cortex-m4
   2              		.eabi_attribute 27, 1
   3              		.eabi_attribute 28, 1
   4              		.eabi_attribute 20, 1
   5              		.eabi_attribute 21, 1
   6              		.eabi_attribute 23, 3
   7              		.eabi_attribute 24, 1
   8              		.eabi_attribute 25, 1
   9              		.eabi_attribute 26, 1
  10              		.eabi_attribute 30, 6
  11              		.eabi_attribute 34, 1
  12              		.eabi_attribute 18, 4
  13              		.file	"param.c"
  14              		.text
  15              	.Ltext0:
  16              		.cfi_sections	.debug_frame
  17              		.section	.bss.working_param,"aw",%nobits
  18              		.align	2
  21              	working_param:
  22 0000 00000000 		.space	4312
  22      00000000 
  22      00000000 
  22      00000000 
  22      00000000 
  23              		.section	.text.param,"ax",%progbits
  24              		.align	1
  25              		.global	param
  26              		.arch armv7e-m
  27              		.syntax unified
  28              		.thumb
  29              		.thumb_func
  30              		.fpu fpv4-sp-d16
  32              	param:
  33              	.LFB0:
  34              		.file 1 "motorlib/param.c"
   1:motorlib/param.c **** 
   2:motorlib/param.c **** #include "param.h"
   3:motorlib/param.c **** 
   4:motorlib/param.c **** extern const volatile Param initial_param;
   5:motorlib/param.c **** static Param working_param;
   6:motorlib/param.c **** 
   7:motorlib/param.c **** Param *param() {
  35              		.loc 1 7 16
  36              		.cfi_startproc
  37              		@ args = 0, pretend = 0, frame = 0
  38              		@ frame_needed = 1, uses_anonymous_args = 0
  39              		@ link register save eliminated.
  40 0000 80B4     		push	{r7}
  41              	.LCFI0:
  42              		.cfi_def_cfa_offset 4
  43              		.cfi_offset 7, -4
  44 0002 00AF     		add	r7, sp, #0
  45              	.LCFI1:
  46              		.cfi_def_cfa_register 7
   8:motorlib/param.c ****     return &working_param;
  47              		.loc 1 8 12
  48 0004 024B     		ldr	r3, .L3
ARM GAS  /tmp/ccnmkyAP.s 			page 2


   9:motorlib/param.c **** }
  49              		.loc 1 9 1
  50 0006 1846     		mov	r0, r3
  51 0008 BD46     		mov	sp, r7
  52              	.LCFI2:
  53              		.cfi_def_cfa_register 13
  54              		@ sp needed
  55 000a 5DF8047B 		ldr	r7, [sp], #4
  56              	.LCFI3:
  57              		.cfi_restore 7
  58              		.cfi_def_cfa_offset 0
  59 000e 7047     		bx	lr
  60              	.L4:
  61              		.align	2
  62              	.L3:
  63 0010 00000000 		.word	working_param
  64              		.cfi_endproc
  65              	.LFE0:
  67              		.section	.text.init_param_from_flash,"ax",%progbits
  68              		.align	1
  69              		.global	init_param_from_flash
  70              		.syntax unified
  71              		.thumb
  72              		.thumb_func
  73              		.fpu fpv4-sp-d16
  75              	init_param_from_flash:
  76              	.LFB1:
  10:motorlib/param.c **** 
  11:motorlib/param.c **** void init_param_from_flash() {
  77              		.loc 1 11 30
  78              		.cfi_startproc
  79              		@ args = 0, pretend = 0, frame = 0
  80              		@ frame_needed = 1, uses_anonymous_args = 0
  81 0000 80B5     		push	{r7, lr}
  82              	.LCFI4:
  83              		.cfi_def_cfa_offset 8
  84              		.cfi_offset 7, -8
  85              		.cfi_offset 14, -4
  86 0002 00AF     		add	r7, sp, #0
  87              	.LCFI5:
  88              		.cfi_def_cfa_register 7
  12:motorlib/param.c ****     working_param = initial_param;
  89              		.loc 1 12 19
  90 0004 054A     		ldr	r2, .L6
  91 0006 064B     		ldr	r3, .L6+4
  92 0008 1046     		mov	r0, r2
  93 000a 1946     		mov	r1, r3
  94 000c 41F2D803 		movw	r3, #4312
  95 0010 1A46     		mov	r2, r3
  96 0012 FFF7FEFF 		bl	memcpy
  13:motorlib/param.c **** }
  97              		.loc 1 13 1
  98 0016 00BF     		nop
  99 0018 80BD     		pop	{r7, pc}
 100              	.L7:
 101 001a 00BF     		.align	2
 102              	.L6:
ARM GAS  /tmp/ccnmkyAP.s 			page 3


 103 001c 00000000 		.word	working_param
 104 0020 00000000 		.word	initial_param
 105              		.cfi_endproc
 106              	.LFE1:
 108              		.section	.text.save_param_to_flash,"ax",%progbits
 109              		.align	1
 110              		.global	save_param_to_flash
 111              		.syntax unified
 112              		.thumb
 113              		.thumb_func
 114              		.fpu fpv4-sp-d16
 116              	save_param_to_flash:
 117              	.LFB2:
  14:motorlib/param.c **** 
  15:motorlib/param.c **** void save_param_to_flash() {
 118              		.loc 1 15 28
 119              		.cfi_startproc
 120              		@ args = 0, pretend = 0, frame = 0
 121              		@ frame_needed = 1, uses_anonymous_args = 0
 122              		@ link register save eliminated.
 123 0000 80B4     		push	{r7}
 124              	.LCFI6:
 125              		.cfi_def_cfa_offset 4
 126              		.cfi_offset 7, -4
 127 0002 00AF     		add	r7, sp, #0
 128              	.LCFI7:
 129              		.cfi_def_cfa_register 7
  16:motorlib/param.c ****     // TODO
  17:motorlib/param.c **** }
 130              		.loc 1 17 1
 131 0004 00BF     		nop
 132 0006 BD46     		mov	sp, r7
 133              	.LCFI8:
 134              		.cfi_def_cfa_register 13
 135              		@ sp needed
 136 0008 5DF8047B 		ldr	r7, [sp], #4
 137              	.LCFI9:
 138              		.cfi_restore 7
 139              		.cfi_def_cfa_offset 0
 140 000c 7047     		bx	lr
 141              		.cfi_endproc
 142              	.LFE2:
 144              		.text
 145              	.Letext0:
 146              		.file 2 "/opt/gcc-arm-none-eabi-8-2019-q3-update/arm-none-eabi/include/machine/_default_types.h"
 147              		.file 3 "/opt/gcc-arm-none-eabi-8-2019-q3-update/arm-none-eabi/include/sys/_stdint.h"
 148              		.file 4 "motorlib/messages.h"
ARM GAS  /tmp/ccnmkyAP.s 			page 4


DEFINED SYMBOLS
                            *ABS*:0000000000000000 param.c
     /tmp/ccnmkyAP.s:18     .bss.working_param:0000000000000000 $d
     /tmp/ccnmkyAP.s:21     .bss.working_param:0000000000000000 working_param
     /tmp/ccnmkyAP.s:24     .text.param:0000000000000000 $t
     /tmp/ccnmkyAP.s:32     .text.param:0000000000000000 param
     /tmp/ccnmkyAP.s:63     .text.param:0000000000000010 $d
     /tmp/ccnmkyAP.s:68     .text.init_param_from_flash:0000000000000000 $t
     /tmp/ccnmkyAP.s:75     .text.init_param_from_flash:0000000000000000 init_param_from_flash
     /tmp/ccnmkyAP.s:103    .text.init_param_from_flash:000000000000001c $d
     /tmp/ccnmkyAP.s:109    .text.save_param_to_flash:0000000000000000 $t
     /tmp/ccnmkyAP.s:116    .text.save_param_to_flash:0000000000000000 save_param_to_flash

UNDEFINED SYMBOLS
memcpy
initial_param
