ARM GAS  /tmp/cctBJdcM.s 			page 1


   1              		.cpu cortex-m4
   2              		.eabi_attribute 27, 1
   3              		.eabi_attribute 28, 1
   4              		.eabi_attribute 20, 1
   5              		.eabi_attribute 21, 1
   6              		.eabi_attribute 23, 3
   7              		.eabi_attribute 24, 1
   8              		.eabi_attribute 25, 1
   9              		.eabi_attribute 26, 1
  10              		.eabi_attribute 30, 6
  11              		.eabi_attribute 34, 1
  12              		.eabi_attribute 18, 4
  13              		.file	"stm32g4xx_hal_spi_ex.c"
  14              		.text
  15              	.Ltext0:
  16              		.cfi_sections	.debug_frame
  17              		.section	.text.HAL_SPIEx_FlushRxFifo,"ax",%progbits
  18              		.align	1
  19              		.global	HAL_SPIEx_FlushRxFifo
  20              		.arch armv7e-m
  21              		.syntax unified
  22              		.thumb
  23              		.thumb_func
  24              		.fpu fpv4-sp-d16
  26              	HAL_SPIEx_FlushRxFifo:
  27              	.LFB325:
  28              		.file 1 "Drivers/STM32G4xx_HAL_Driver/Src/stm32g4xx_hal_spi_ex.c"
   1:Drivers/STM32G4xx_HAL_Driver/Src/stm32g4xx_hal_spi_ex.c **** /**
   2:Drivers/STM32G4xx_HAL_Driver/Src/stm32g4xx_hal_spi_ex.c ****   ******************************************************************************
   3:Drivers/STM32G4xx_HAL_Driver/Src/stm32g4xx_hal_spi_ex.c ****   * @file    stm32g4xx_hal_spi_ex.c
   4:Drivers/STM32G4xx_HAL_Driver/Src/stm32g4xx_hal_spi_ex.c ****   * @author  MCD Application Team
   5:Drivers/STM32G4xx_HAL_Driver/Src/stm32g4xx_hal_spi_ex.c ****   * @brief   Extended SPI HAL module driver.
   6:Drivers/STM32G4xx_HAL_Driver/Src/stm32g4xx_hal_spi_ex.c ****   *          This file provides firmware functions to manage the following
   7:Drivers/STM32G4xx_HAL_Driver/Src/stm32g4xx_hal_spi_ex.c ****   *          SPI peripheral extended functionalities :
   8:Drivers/STM32G4xx_HAL_Driver/Src/stm32g4xx_hal_spi_ex.c ****   *           + IO operation functions
   9:Drivers/STM32G4xx_HAL_Driver/Src/stm32g4xx_hal_spi_ex.c ****   *
  10:Drivers/STM32G4xx_HAL_Driver/Src/stm32g4xx_hal_spi_ex.c ****   ******************************************************************************
  11:Drivers/STM32G4xx_HAL_Driver/Src/stm32g4xx_hal_spi_ex.c ****   * @attention
  12:Drivers/STM32G4xx_HAL_Driver/Src/stm32g4xx_hal_spi_ex.c ****   *
  13:Drivers/STM32G4xx_HAL_Driver/Src/stm32g4xx_hal_spi_ex.c ****   * <h2><center>&copy; Copyright (c) 2019 STMicroelectronics.
  14:Drivers/STM32G4xx_HAL_Driver/Src/stm32g4xx_hal_spi_ex.c ****   * All rights reserved.</center></h2>
  15:Drivers/STM32G4xx_HAL_Driver/Src/stm32g4xx_hal_spi_ex.c ****   *
  16:Drivers/STM32G4xx_HAL_Driver/Src/stm32g4xx_hal_spi_ex.c ****   * This software component is licensed by ST under BSD 3-Clause license,
  17:Drivers/STM32G4xx_HAL_Driver/Src/stm32g4xx_hal_spi_ex.c ****   * the "License"; You may not use this file except in compliance with the
  18:Drivers/STM32G4xx_HAL_Driver/Src/stm32g4xx_hal_spi_ex.c ****   * License. You may obtain a copy of the License at:
  19:Drivers/STM32G4xx_HAL_Driver/Src/stm32g4xx_hal_spi_ex.c ****   *                        opensource.org/licenses/BSD-3-Clause
  20:Drivers/STM32G4xx_HAL_Driver/Src/stm32g4xx_hal_spi_ex.c ****   *
  21:Drivers/STM32G4xx_HAL_Driver/Src/stm32g4xx_hal_spi_ex.c ****   ******************************************************************************
  22:Drivers/STM32G4xx_HAL_Driver/Src/stm32g4xx_hal_spi_ex.c ****   */
  23:Drivers/STM32G4xx_HAL_Driver/Src/stm32g4xx_hal_spi_ex.c **** 
  24:Drivers/STM32G4xx_HAL_Driver/Src/stm32g4xx_hal_spi_ex.c **** /* Includes ------------------------------------------------------------------*/
  25:Drivers/STM32G4xx_HAL_Driver/Src/stm32g4xx_hal_spi_ex.c **** #include "stm32g4xx_hal.h"
  26:Drivers/STM32G4xx_HAL_Driver/Src/stm32g4xx_hal_spi_ex.c **** 
  27:Drivers/STM32G4xx_HAL_Driver/Src/stm32g4xx_hal_spi_ex.c **** /** @addtogroup STM32G4xx_HAL_Driver
  28:Drivers/STM32G4xx_HAL_Driver/Src/stm32g4xx_hal_spi_ex.c ****   * @{
  29:Drivers/STM32G4xx_HAL_Driver/Src/stm32g4xx_hal_spi_ex.c ****   */
  30:Drivers/STM32G4xx_HAL_Driver/Src/stm32g4xx_hal_spi_ex.c **** 
ARM GAS  /tmp/cctBJdcM.s 			page 2


  31:Drivers/STM32G4xx_HAL_Driver/Src/stm32g4xx_hal_spi_ex.c **** /** @defgroup SPIEx SPIEx
  32:Drivers/STM32G4xx_HAL_Driver/Src/stm32g4xx_hal_spi_ex.c ****   * @brief SPI Extended HAL module driver
  33:Drivers/STM32G4xx_HAL_Driver/Src/stm32g4xx_hal_spi_ex.c ****   * @{
  34:Drivers/STM32G4xx_HAL_Driver/Src/stm32g4xx_hal_spi_ex.c ****   */
  35:Drivers/STM32G4xx_HAL_Driver/Src/stm32g4xx_hal_spi_ex.c **** #ifdef HAL_SPI_MODULE_ENABLED
  36:Drivers/STM32G4xx_HAL_Driver/Src/stm32g4xx_hal_spi_ex.c **** 
  37:Drivers/STM32G4xx_HAL_Driver/Src/stm32g4xx_hal_spi_ex.c **** /* Private typedef -----------------------------------------------------------*/
  38:Drivers/STM32G4xx_HAL_Driver/Src/stm32g4xx_hal_spi_ex.c **** /* Private defines -----------------------------------------------------------*/
  39:Drivers/STM32G4xx_HAL_Driver/Src/stm32g4xx_hal_spi_ex.c **** /** @defgroup SPIEx_Private_Constants SPIEx Private Constants
  40:Drivers/STM32G4xx_HAL_Driver/Src/stm32g4xx_hal_spi_ex.c ****   * @{
  41:Drivers/STM32G4xx_HAL_Driver/Src/stm32g4xx_hal_spi_ex.c ****   */
  42:Drivers/STM32G4xx_HAL_Driver/Src/stm32g4xx_hal_spi_ex.c **** #define SPI_FIFO_SIZE       4UL
  43:Drivers/STM32G4xx_HAL_Driver/Src/stm32g4xx_hal_spi_ex.c **** /**
  44:Drivers/STM32G4xx_HAL_Driver/Src/stm32g4xx_hal_spi_ex.c ****   * @}
  45:Drivers/STM32G4xx_HAL_Driver/Src/stm32g4xx_hal_spi_ex.c ****   */
  46:Drivers/STM32G4xx_HAL_Driver/Src/stm32g4xx_hal_spi_ex.c **** 
  47:Drivers/STM32G4xx_HAL_Driver/Src/stm32g4xx_hal_spi_ex.c **** /* Private macros ------------------------------------------------------------*/
  48:Drivers/STM32G4xx_HAL_Driver/Src/stm32g4xx_hal_spi_ex.c **** /* Private variables ---------------------------------------------------------*/
  49:Drivers/STM32G4xx_HAL_Driver/Src/stm32g4xx_hal_spi_ex.c **** /* Private function prototypes -----------------------------------------------*/
  50:Drivers/STM32G4xx_HAL_Driver/Src/stm32g4xx_hal_spi_ex.c **** /* Exported functions --------------------------------------------------------*/
  51:Drivers/STM32G4xx_HAL_Driver/Src/stm32g4xx_hal_spi_ex.c **** 
  52:Drivers/STM32G4xx_HAL_Driver/Src/stm32g4xx_hal_spi_ex.c **** /** @defgroup SPIEx_Exported_Functions SPIEx Exported Functions
  53:Drivers/STM32G4xx_HAL_Driver/Src/stm32g4xx_hal_spi_ex.c ****   * @{
  54:Drivers/STM32G4xx_HAL_Driver/Src/stm32g4xx_hal_spi_ex.c ****   */
  55:Drivers/STM32G4xx_HAL_Driver/Src/stm32g4xx_hal_spi_ex.c **** 
  56:Drivers/STM32G4xx_HAL_Driver/Src/stm32g4xx_hal_spi_ex.c **** /** @defgroup SPIEx_Exported_Functions_Group1 IO operation functions
  57:Drivers/STM32G4xx_HAL_Driver/Src/stm32g4xx_hal_spi_ex.c ****   *  @brief   Data transfers functions
  58:Drivers/STM32G4xx_HAL_Driver/Src/stm32g4xx_hal_spi_ex.c ****   *
  59:Drivers/STM32G4xx_HAL_Driver/Src/stm32g4xx_hal_spi_ex.c **** @verbatim
  60:Drivers/STM32G4xx_HAL_Driver/Src/stm32g4xx_hal_spi_ex.c ****   ==============================================================================
  61:Drivers/STM32G4xx_HAL_Driver/Src/stm32g4xx_hal_spi_ex.c ****                       ##### IO operation functions #####
  62:Drivers/STM32G4xx_HAL_Driver/Src/stm32g4xx_hal_spi_ex.c ****  ===============================================================================
  63:Drivers/STM32G4xx_HAL_Driver/Src/stm32g4xx_hal_spi_ex.c ****  [..]
  64:Drivers/STM32G4xx_HAL_Driver/Src/stm32g4xx_hal_spi_ex.c ****     This subsection provides a set of extended functions to manage the SPI
  65:Drivers/STM32G4xx_HAL_Driver/Src/stm32g4xx_hal_spi_ex.c ****     data transfers.
  66:Drivers/STM32G4xx_HAL_Driver/Src/stm32g4xx_hal_spi_ex.c **** 
  67:Drivers/STM32G4xx_HAL_Driver/Src/stm32g4xx_hal_spi_ex.c ****     (#) Rx data flush function:
  68:Drivers/STM32G4xx_HAL_Driver/Src/stm32g4xx_hal_spi_ex.c ****         (++) HAL_SPIEx_FlushRxFifo()
  69:Drivers/STM32G4xx_HAL_Driver/Src/stm32g4xx_hal_spi_ex.c **** 
  70:Drivers/STM32G4xx_HAL_Driver/Src/stm32g4xx_hal_spi_ex.c **** @endverbatim
  71:Drivers/STM32G4xx_HAL_Driver/Src/stm32g4xx_hal_spi_ex.c ****   * @{
  72:Drivers/STM32G4xx_HAL_Driver/Src/stm32g4xx_hal_spi_ex.c ****   */
  73:Drivers/STM32G4xx_HAL_Driver/Src/stm32g4xx_hal_spi_ex.c **** 
  74:Drivers/STM32G4xx_HAL_Driver/Src/stm32g4xx_hal_spi_ex.c **** /**
  75:Drivers/STM32G4xx_HAL_Driver/Src/stm32g4xx_hal_spi_ex.c ****   * @brief  Flush the RX fifo.
  76:Drivers/STM32G4xx_HAL_Driver/Src/stm32g4xx_hal_spi_ex.c ****   * @param  hspi pointer to a SPI_HandleTypeDef structure that contains
  77:Drivers/STM32G4xx_HAL_Driver/Src/stm32g4xx_hal_spi_ex.c ****   *               the configuration information for the specified SPI module.
  78:Drivers/STM32G4xx_HAL_Driver/Src/stm32g4xx_hal_spi_ex.c ****   * @retval HAL status
  79:Drivers/STM32G4xx_HAL_Driver/Src/stm32g4xx_hal_spi_ex.c ****   */
  80:Drivers/STM32G4xx_HAL_Driver/Src/stm32g4xx_hal_spi_ex.c **** HAL_StatusTypeDef HAL_SPIEx_FlushRxFifo(SPI_HandleTypeDef *hspi)
  81:Drivers/STM32G4xx_HAL_Driver/Src/stm32g4xx_hal_spi_ex.c **** {
  29              		.loc 1 81 1
  30              		.cfi_startproc
  31              		@ args = 0, pretend = 0, frame = 16
  32              		@ frame_needed = 1, uses_anonymous_args = 0
  33              		@ link register save eliminated.
  34 0000 80B4     		push	{r7}
ARM GAS  /tmp/cctBJdcM.s 			page 3


  35              	.LCFI0:
  36              		.cfi_def_cfa_offset 4
  37              		.cfi_offset 7, -4
  38 0002 85B0     		sub	sp, sp, #20
  39              	.LCFI1:
  40              		.cfi_def_cfa_offset 24
  41 0004 00AF     		add	r7, sp, #0
  42              	.LCFI2:
  43              		.cfi_def_cfa_register 7
  44 0006 7860     		str	r0, [r7, #4]
  82:Drivers/STM32G4xx_HAL_Driver/Src/stm32g4xx_hal_spi_ex.c ****   __IO uint32_t tmpreg;
  83:Drivers/STM32G4xx_HAL_Driver/Src/stm32g4xx_hal_spi_ex.c ****   uint8_t  count = 0U;
  45              		.loc 1 83 12
  46 0008 0023     		movs	r3, #0
  47 000a FB73     		strb	r3, [r7, #15]
  84:Drivers/STM32G4xx_HAL_Driver/Src/stm32g4xx_hal_spi_ex.c ****   while ((hspi->Instance->SR & SPI_FLAG_FRLVL) !=  SPI_FRLVL_EMPTY)
  48              		.loc 1 84 9
  49 000c 0CE0     		b	.L2
  50              	.L4:
  85:Drivers/STM32G4xx_HAL_Driver/Src/stm32g4xx_hal_spi_ex.c ****   {
  86:Drivers/STM32G4xx_HAL_Driver/Src/stm32g4xx_hal_spi_ex.c ****     count++;
  51              		.loc 1 86 10
  52 000e FB7B     		ldrb	r3, [r7, #15]	@ zero_extendqisi2
  53 0010 0133     		adds	r3, r3, #1
  54 0012 FB73     		strb	r3, [r7, #15]
  87:Drivers/STM32G4xx_HAL_Driver/Src/stm32g4xx_hal_spi_ex.c ****     tmpreg = hspi->Instance->DR;
  55              		.loc 1 87 18
  56 0014 7B68     		ldr	r3, [r7, #4]
  57 0016 1B68     		ldr	r3, [r3]
  58              		.loc 1 87 28
  59 0018 DB68     		ldr	r3, [r3, #12]
  60              		.loc 1 87 12
  61 001a BB60     		str	r3, [r7, #8]
  88:Drivers/STM32G4xx_HAL_Driver/Src/stm32g4xx_hal_spi_ex.c ****     UNUSED(tmpreg); /* To avoid GCC warning */
  62              		.loc 1 88 5
  63 001c BB68     		ldr	r3, [r7, #8]
  89:Drivers/STM32G4xx_HAL_Driver/Src/stm32g4xx_hal_spi_ex.c ****     if (count == SPI_FIFO_SIZE)
  64              		.loc 1 89 8
  65 001e FB7B     		ldrb	r3, [r7, #15]	@ zero_extendqisi2
  66 0020 042B     		cmp	r3, #4
  67 0022 01D1     		bne	.L2
  90:Drivers/STM32G4xx_HAL_Driver/Src/stm32g4xx_hal_spi_ex.c ****     {
  91:Drivers/STM32G4xx_HAL_Driver/Src/stm32g4xx_hal_spi_ex.c ****       return HAL_TIMEOUT;
  68              		.loc 1 91 14
  69 0024 0323     		movs	r3, #3
  70 0026 07E0     		b	.L3
  71              	.L2:
  84:Drivers/STM32G4xx_HAL_Driver/Src/stm32g4xx_hal_spi_ex.c ****   {
  72              		.loc 1 84 15
  73 0028 7B68     		ldr	r3, [r7, #4]
  74 002a 1B68     		ldr	r3, [r3]
  84:Drivers/STM32G4xx_HAL_Driver/Src/stm32g4xx_hal_spi_ex.c ****   {
  75              		.loc 1 84 25
  76 002c 9B68     		ldr	r3, [r3, #8]
  84:Drivers/STM32G4xx_HAL_Driver/Src/stm32g4xx_hal_spi_ex.c ****   {
  77              		.loc 1 84 30
  78 002e 03F4C063 		and	r3, r3, #1536
ARM GAS  /tmp/cctBJdcM.s 			page 4


  84:Drivers/STM32G4xx_HAL_Driver/Src/stm32g4xx_hal_spi_ex.c ****   {
  79              		.loc 1 84 9
  80 0032 002B     		cmp	r3, #0
  81 0034 EBD1     		bne	.L4
  92:Drivers/STM32G4xx_HAL_Driver/Src/stm32g4xx_hal_spi_ex.c ****     }
  93:Drivers/STM32G4xx_HAL_Driver/Src/stm32g4xx_hal_spi_ex.c ****   }
  94:Drivers/STM32G4xx_HAL_Driver/Src/stm32g4xx_hal_spi_ex.c ****   return HAL_OK;
  82              		.loc 1 94 10
  83 0036 0023     		movs	r3, #0
  84              	.L3:
  95:Drivers/STM32G4xx_HAL_Driver/Src/stm32g4xx_hal_spi_ex.c **** }
  85              		.loc 1 95 1
  86 0038 1846     		mov	r0, r3
  87 003a 1437     		adds	r7, r7, #20
  88              	.LCFI3:
  89              		.cfi_def_cfa_offset 4
  90 003c BD46     		mov	sp, r7
  91              	.LCFI4:
  92              		.cfi_def_cfa_register 13
  93              		@ sp needed
  94 003e 5DF8047B 		ldr	r7, [sp], #4
  95              	.LCFI5:
  96              		.cfi_restore 7
  97              		.cfi_def_cfa_offset 0
  98 0042 7047     		bx	lr
  99              		.cfi_endproc
 100              	.LFE325:
 102              		.text
 103              	.Letext0:
 104              		.file 2 "/opt/gcc-arm-none-eabi-8-2019-q3-update/arm-none-eabi/include/machine/_default_types.h"
 105              		.file 3 "/opt/gcc-arm-none-eabi-8-2019-q3-update/arm-none-eabi/include/sys/_stdint.h"
 106              		.file 4 "Drivers/CMSIS/Include/core_cm4.h"
 107              		.file 5 "Drivers/CMSIS/Device/ST/STM32G4xx/Include/system_stm32g4xx.h"
 108              		.file 6 "Drivers/CMSIS/Device/ST/STM32G4xx/Include/stm32g474xx.h"
 109              		.file 7 "Drivers/STM32G4xx_HAL_Driver/Inc/stm32g4xx_hal_def.h"
 110              		.file 8 "Drivers/STM32G4xx_HAL_Driver/Inc/stm32g4xx_hal_dma.h"
 111              		.file 9 "Drivers/STM32G4xx_HAL_Driver/Inc/stm32g4xx_hal_flash.h"
 112              		.file 10 "Drivers/STM32G4xx_HAL_Driver/Inc/stm32g4xx_hal_spi.h"
 113              		.file 11 "Drivers/STM32G4xx_HAL_Driver/Inc/stm32g4xx_hal.h"
ARM GAS  /tmp/cctBJdcM.s 			page 5


DEFINED SYMBOLS
                            *ABS*:0000000000000000 stm32g4xx_hal_spi_ex.c
     /tmp/cctBJdcM.s:18     .text.HAL_SPIEx_FlushRxFifo:0000000000000000 $t
     /tmp/cctBJdcM.s:26     .text.HAL_SPIEx_FlushRxFifo:0000000000000000 HAL_SPIEx_FlushRxFifo

NO UNDEFINED SYMBOLS
