ARM GAS  /tmp/ccP3ferE.s 			page 1


   1              		.cpu cortex-m4
   2              		.eabi_attribute 27, 1
   3              		.eabi_attribute 28, 1
   4              		.eabi_attribute 20, 1
   5              		.eabi_attribute 21, 1
   6              		.eabi_attribute 23, 3
   7              		.eabi_attribute 24, 1
   8              		.eabi_attribute 25, 1
   9              		.eabi_attribute 26, 1
  10              		.eabi_attribute 30, 6
  11              		.eabi_attribute 34, 1
  12              		.eabi_attribute 18, 4
  13              		.file	"usbd_rt_if.c"
  14              		.text
  15              	.Ltext0:
  16              		.cfi_sections	.debug_frame
  17              		.section	.text.USB_send,"ax",%progbits
  18              		.align	1
  19              		.global	USB_send
  20              		.arch armv7e-m
  21              		.syntax unified
  22              		.thumb
  23              		.thumb_func
  24              		.fpu fpv4-sp-d16
  26              	USB_send:
  27              	.LFB328:
  28              		.file 1 "Src/usb/usbd_rt_if.c"
   1:Src/usb/usbd_rt_if.c **** #include "usbd_rt_if.h"
   2:Src/usb/usbd_rt_if.c **** 
   3:Src/usb/usbd_rt_if.c **** extern USBD_HandleTypeDef hUsbDeviceFS;
   4:Src/usb/usbd_rt_if.c **** 
   5:Src/usb/usbd_rt_if.c **** 
   6:Src/usb/usbd_rt_if.c **** uint8_t USB_send(uint8_t* Buf, uint16_t Len)
   7:Src/usb/usbd_rt_if.c **** {
  29              		.loc 1 7 1
  30              		.cfi_startproc
  31              		@ args = 0, pretend = 0, frame = 16
  32              		@ frame_needed = 1, uses_anonymous_args = 0
  33 0000 80B5     		push	{r7, lr}
  34              	.LCFI0:
  35              		.cfi_def_cfa_offset 8
  36              		.cfi_offset 7, -8
  37              		.cfi_offset 14, -4
  38 0002 84B0     		sub	sp, sp, #16
  39              	.LCFI1:
  40              		.cfi_def_cfa_offset 24
  41 0004 00AF     		add	r7, sp, #0
  42              	.LCFI2:
  43              		.cfi_def_cfa_register 7
  44 0006 7860     		str	r0, [r7, #4]
  45 0008 0B46     		mov	r3, r1
  46 000a 7B80     		strh	r3, [r7, #2]	@ movhi
   8:Src/usb/usbd_rt_if.c ****   uint8_t result = USBD_OK;
  47              		.loc 1 8 11
  48 000c 0023     		movs	r3, #0
  49 000e FB73     		strb	r3, [r7, #15]
   9:Src/usb/usbd_rt_if.c **** 
ARM GAS  /tmp/ccP3ferE.s 			page 2


  10:Src/usb/usbd_rt_if.c ****   usb_send(&hUsbDeviceFS, Buf, Len);
  50              		.loc 1 10 3
  51 0010 7B88     		ldrh	r3, [r7, #2]
  52 0012 1A46     		mov	r2, r3
  53 0014 7968     		ldr	r1, [r7, #4]
  54 0016 0448     		ldr	r0, .L3
  55 0018 FFF7FEFF 		bl	usb_send
  11:Src/usb/usbd_rt_if.c **** 
  12:Src/usb/usbd_rt_if.c ****   return result;
  56              		.loc 1 12 10
  57 001c FB7B     		ldrb	r3, [r7, #15]	@ zero_extendqisi2
  13:Src/usb/usbd_rt_if.c **** }
  58              		.loc 1 13 1
  59 001e 1846     		mov	r0, r3
  60 0020 1037     		adds	r7, r7, #16
  61              	.LCFI3:
  62              		.cfi_def_cfa_offset 8
  63 0022 BD46     		mov	sp, r7
  64              	.LCFI4:
  65              		.cfi_def_cfa_register 13
  66              		@ sp needed
  67 0024 80BD     		pop	{r7, pc}
  68              	.L4:
  69 0026 00BF     		.align	2
  70              	.L3:
  71 0028 00000000 		.word	hUsbDeviceFS
  72              		.cfi_endproc
  73              	.LFE328:
  75              		.text
  76              	.Letext0:
  77              		.file 2 "/opt/gcc-arm-none-eabi-8-2019-q3-update/arm-none-eabi/include/machine/_default_types.h"
  78              		.file 3 "/opt/gcc-arm-none-eabi-8-2019-q3-update/lib/gcc/arm-none-eabi/8.3.1/include/stddef.h"
  79              		.file 4 "/opt/gcc-arm-none-eabi-8-2019-q3-update/arm-none-eabi/include/sys/_types.h"
  80              		.file 5 "/opt/gcc-arm-none-eabi-8-2019-q3-update/arm-none-eabi/include/sys/reent.h"
  81              		.file 6 "/opt/gcc-arm-none-eabi-8-2019-q3-update/arm-none-eabi/include/sys/lock.h"
  82              		.file 7 "/opt/gcc-arm-none-eabi-8-2019-q3-update/arm-none-eabi/include/sys/_stdint.h"
  83              		.file 8 "/opt/gcc-arm-none-eabi-8-2019-q3-update/arm-none-eabi/include/stdlib.h"
  84              		.file 9 "Drivers/CMSIS/Include/core_cm4.h"
  85              		.file 10 "Drivers/CMSIS/Device/ST/STM32G4xx/Include/system_stm32g4xx.h"
  86              		.file 11 "Drivers/STM32G4xx_HAL_Driver/Inc/stm32g4xx_hal_def.h"
  87              		.file 12 "Drivers/STM32G4xx_HAL_Driver/Inc/stm32g4xx_hal_flash.h"
  88              		.file 13 "Drivers/STM32G4xx_HAL_Driver/Inc/stm32g4xx_hal.h"
  89              		.file 14 "Middlewares/ST/STM32_USB_Device_Library/Core/Inc/usbd_def.h"
  90              		.file 15 "Src/usb/usbd_rt.h"
ARM GAS  /tmp/ccP3ferE.s 			page 3


DEFINED SYMBOLS
                            *ABS*:0000000000000000 usbd_rt_if.c
     /tmp/ccP3ferE.s:18     .text.USB_send:0000000000000000 $t
     /tmp/ccP3ferE.s:26     .text.USB_send:0000000000000000 USB_send
     /tmp/ccP3ferE.s:71     .text.USB_send:0000000000000028 $d

UNDEFINED SYMBOLS
usb_send
hUsbDeviceFS
